[PREINITIALIZATION][CLIENT][INFO] Thank you to the Patreon supporters below and others who make CraftTweaker possible!
Jimmie L Hines Jr
BrГёnsted
Niketats
AdaraChristine
Peregrinus11
JDaddy
Tyrone McLean
Quaternary
Zuniroa
DreamThorn
TriosGaminG Pro
Ncc1702
IDroid
Belathus
Barrier
Genryu
Psyberition
Spencer Gilbert
NerdyWhiteGuy
Yamraiha
If you want to support the mod, checkout https://patreon.com/jaredlll08?s=crtmod

[PREINITIALIZATION][CLIENT][INFO] Current loaders after merging: [[preinit]]
[PREINITIALIZATION][CLIENT][INFO] Loading scripts for loader with names [preinit]
[PREINITIALIZATION][CLIENT][INFO] [preinit | SIDE_CLIENT]: Skipping file {[0:crafttweaker]: recipes.zs} as we are currently loading with a different loader
[PREINITIALIZATION][CLIENT][INFO] Completed script loading in: 3ms
[PREINITIALIZATION][CLIENT][INFO] Current loaders after merging: [[preinit], [contenttweaker]]
[PREINITIALIZATION][CLIENT][INFO] Loading scripts for loader with names [contenttweaker]
[PREINITIALIZATION][CLIENT][INFO] [contenttweaker | SIDE_CLIENT]: Skipping file {[0:crafttweaker]: recipes.zs} as we are currently loading with a different loader
[PREINITIALIZATION][CLIENT][INFO] Completed script loading in: 0ms
[INITIALIZATION][CLIENT][INFO] CraftTweaker: Building registry
[INITIALIZATION][CLIENT][INFO] CraftTweaker: Successfully built item registry
[INITIALIZATION][CLIENT][INFO] Current loaders after merging: [[preinit], [contenttweaker], [recipeevent | crafttweaker]]
[INITIALIZATION][CLIENT][INFO] Loading scripts for loader with names [crafttweaker | recipeevent]
[INITIALIZATION][CLIENT][INFO] [crafttweaker | SIDE_CLIENT]: Loading Script: {[0:crafttweaker]: recipes.zs}
[INITIALIZATION][CLIENT][ERROR] recipes.zs:17 > No such member in crafttweaker.recipes.IRecipeManager: addMirrored
[INITIALIZATION][CLIENT][ERROR] recipes.zs:17 > Cannot cast ZenTypeNative: crafttweaker.item.IItemStack to ZenTypeNative: crafttweaker.data.IData
[INITIALIZATION][CLIENT][ERROR] recipes.zs:17 > Cannot cast ZenTypeNative: crafttweaker.item.IItemStack to ZenTypeNative: crafttweaker.data.IData
[INITIALIZATION][CLIENT][ERROR] recipes.zs:26 > No such member in crafttweaker.recipes.IRecipeManager: addMirrored
[INITIALIZATION][CLIENT][ERROR] recipes.zs:26 > Cannot cast ZenTypeNative: crafttweaker.item.IItemStack to ZenTypeNative: crafttweaker.data.IData
[INITIALIZATION][CLIENT][ERROR] [crafttweaker]: Error executing {[0:crafttweaker]: recipes.zs}: Bad type on operand stack
Exception Details:
  Location:
    Recipes.__script__()V @1669: invokestatic
  Reason:
    Type 'stanhebben/zenscript/value/IAny' (current frame, stack[4]) is not assignable to '[Lcrafttweaker/api/data/IData;'
  Current Frame:
    bci: @1669
    flags: { }
    locals: { }
    stack: { null, '[Lstanhebben/zenscript/value/IAny;', '[Lstanhebben/zenscript/value/IAny;', integer, 'stanhebben/zenscript/value/IAny' }
  Bytecode:
    0x0000000: b200 0f12 1112 12b8 0018 1219 bd00 1b59
    0x0000010: 1212 1219 bd00 1d59 1212 0153 5912 1e12
    0x0000020: 2012 19b8 0018 5359 1221 0153 5359 121e
    0x0000030: 1219 bd00 1d59 1212 1220 1219 b800 1853
    0x0000040: 5912 1e01 5359 1221 1220 1219 b800 1853
    0x0000050: 5359 1221 1219 bd00 1d59 1212 0153 5912
    0x0000060: 1e12 2012 19b8 0018 5359 1221 0153 5301
    0x0000070: 01b9 0027 0500 b200 0f12 2912 12b8 0018
    0x0000080: 122a b900 3002 0012 19bd 001b 5912 1212
    0x0000090: 19bd 001d 5912 1201 5359 121e 0153 5912
    0x00000a0: 2101 5353 5912 1e12 19bd 001d 5912 1201
    0x00000b0: 5359 121e 1220 1219 b800 1853 5912 2101
    0x00000c0: 5353 5912 2112 19bd 001d 5912 1201 5359
    0x00000d0: 121e 0153 5912 2101 5353 0101 b900 2705
    0x00000e0: 00b2 000f 1220 1219 b800 1812 19bd 001b
    0x00000f0: 5912 1212 19bd 001d 5912 1212 3212 33b8
    0x0000100: 0018 5359 121e 1232 1233 b800 1853 5912
    0x0000110: 2112 3212 33b8 0018 5353 5912 1e12 19bd
    0x0000120: 001d 5912 1212 3212 33b8 0018 5359 121e
    0x0000130: 1232 1233 b800 1853 5912 2112 3212 33b8
    0x0000140: 0018 5353 5912 2112 19bd 001d 5912 1212
    0x0000150: 3212 33b8 0018 5359 121e 1232 1233 b800
    0x0000160: 1853 5912 2112 3212 33b8 0018 5353 0101
    0x0000170: b900 2705 00b2 000f 1235 1212 b800 1812
    0x0000180: 19bd 001b 5912 1212 19bd 001d 5912 1212
    0x0000190: 3712 1eb8 0018 5359 121e 1237 121e b800
    0x00001a0: 1853 5912 2112 3712 1eb8 0018 5353 5912
    0x00001b0: 1e12 19bd 001d 5912 1212 3912 12b8 0018
    0x00001c0: 5359 121e 1239 1212 b800 1853 5912 2112
    0x00001d0: 3912 12b8 0018 5353 5912 2112 19bd 001d
    0x00001e0: 5912 1201 5359 121e 1239 1212 b800 1853
    0x00001f0: 5912 2101 5353 0101 b900 2705 00b2 000f
    0x0000200: 123b 123c b800 1812 19bd 001b 5912 1212
    0x0000210: 19bd 001d 5912 1212 3e12 12b8 0018 5359
    0x0000220: 121e 123e 1212 b800 1853 5912 2112 3e12
    0x0000230: 12b8 0018 5353 5912 1e12 19bd 001d 5912
    0x0000240: 1212 3e12 12b8 0018 5359 121e 123b 1233
    0x0000250: b800 1853 5912 2112 3e12 12b8 0018 5353
    0x0000260: 5912 2112 19bd 001d 5912 1212 3e12 12b8
    0x0000270: 0018 5359 121e 123e 1212 b800 1853 5912
    0x0000280: 2112 3e12 12b8 0018 5353 0101 b900 2705
    0x0000290: 00b2 000f 123b 123f b800 1812 19bd 001b
    0x00002a0: 5912 1212 19bd 001d 5912 1212 3e12 12b8
    0x00002b0: 0018 5359 121e 123e 1212 b800 1853 5912
    0x00002c0: 2112 3e12 12b8 0018 5353 5912 1e12 19bd
    0x00002d0: 001d 5912 1212 3e12 12b8 0018 5359 121e
    0x00002e0: 1241 1212 b800 1853 5912 2112 3e12 12b8
    0x00002f0: 0018 5353 5912 2112 19bd 001d 5912 1212
    0x0000300: 3e12 12b8 0018 5359 121e 123e 1212 b800
    0x0000310: 1853 5912 2112 3e12 12b8 0018 5353 0101
    0x0000320: b900 2705 00b2 000f 123b 1242 b800 1812
    0x0000330: 19bd 001b 5912 1212 19bd 001d 5912 1212
    0x0000340: 3e12 12b8 0018 5359 121e 123e 1212 b800
    0x0000350: 1853 5912 2112 3e12 12b8 0018 5353 5912
    0x0000360: 1e12 19bd 001d 5912 1212 3e12 12b8 0018
    0x0000370: 5359 121e 1244 1212 b800 1853 5912 2112
    0x0000380: 3e12 12b8 0018 5353 5912 2112 19bd 001d
    0x0000390: 5912 1212 3e12 12b8 0018 5359 121e 123e
    0x00003a0: 1212 b800 1853 5912 2112 3e12 12b8 0018
    0x00003b0: 5353 0101 b900 2705 00b2 000f 123b 1245
    0x00003c0: b800 1812 19bd 001b 5912 1212 19bd 001d
    0x00003d0: 5912 1212 3e12 12b8 0018 5359 121e 123e
    0x00003e0: 1212 b800 1853 5912 2112 3e12 12b8 0018
    0x00003f0: 5353 5912 1e12 19bd 001d 5912 1212 3e12
    0x0000400: 12b8 0018 5359 121e 123b 1246 b800 1853
    0x0000410: 5912 2112 3e12 12b8 0018 5353 5912 2112
    0x0000420: 19bd 001d 5912 1212 3e12 12b8 0018 5359
    0x0000430: 121e 123e 1212 b800 1853 5912 2112 3e12
    0x0000440: 12b8 0018 5353 0101 b900 2705 00b2 000f
    0x0000450: 1248 1212 b800 1812 19bd 001b 5912 1212
    0x0000460: 19bd 001d 5912 1212 4a12 12b8 0018 5359
    0x0000470: 121e 124a 1212 b800 1853 5912 2112 4a12
    0x0000480: 12b8 0018 5353 5912 1e12 19bd 001d 5912
    0x0000490: 1212 4a12 12b8 0018 5359 121e 124a 1212
    0x00004a0: b800 1853 5912 2112 4a12 12b8 0018 5353
    0x00004b0: 5912 2112 19bd 001d 5912 1212 4a12 12b8
    0x00004c0: 0018 5359 121e 124a 1212 b800 1853 5912
    0x00004d0: 2112 4a12 12b8 0018 5353 0101 b900 2705
    0x00004e0: 00b2 000f 123b 1212 b800 1812 19bd 001b
    0x00004f0: 5912 1212 19bd 001d 5912 1212 4c12 12b8
    0x0000500: 0018 5359 121e 124c 1212 b800 1853 5912
    0x0000510: 2112 4c12 12b8 0018 5353 5912 1e12 19bd
    0x0000520: 001d 5912 1212 4c12 12b8 0018 5359 121e
    0x0000530: 124c 1212 b800 1853 5912 2112 4c12 12b8
    0x0000540: 0018 5353 5912 2112 19bd 001d 5912 1212
    0x0000550: 4c12 12b8 0018 5359 121e 124c 1212 b800
    0x0000560: 1853 5912 2112 4c12 12b8 0018 5353 0101
    0x0000570: b900 2705 00b2 000f 124e 121e b800 1812
    0x0000580: 19bd 001b 5912 1212 19bd 001d 5912 1212
    0x0000590: 5012 2ab8 0018 5359 121e 1250 122a b800
    0x00005a0: 1853 5912 2112 5012 2ab8 0018 5353 5912
    0x00005b0: 1e12 19bd 001d 5912 1212 5012 2ab8 0018
    0x00005c0: 5359 121e 0153 5912 2112 5012 2ab8 0018
    0x00005d0: 5353 5912 2112 19bd 001d 5912 1212 5012
    0x00005e0: 2ab8 0018 5359 121e 1250 122a b800 1853
    0x00005f0: 5912 2112 5012 2ab8 0018 5353 0101 b900
    0x0000600: 2705 0001 1221 bd00 5259 1212 124a 1212
    0x0000610: b800 1859 c700 0857 01a7 0006 b800 5853
    0x0000620: 5912 1e12 19bd 005a 5912 1212 19bd 005a
    0x0000630: 5912 1201 5359 121e 0153 5912 2101 53b8
    0x0000640: 0060 5359 121e 1219 bd00 5a59 1212 0153
    0x0000650: 5912 1e01 5359 1221 0153 b800 6053 5912
    0x0000660: 2112 19bd 005a 5912 1201 5359 121e 0153
    0x0000670: 5912 2101 53b8 0060 5359 c700 0857 01a7
    0x0000680: 0006 b800 65b8 0060 59c7 0008 5701 a700
    0x0000690: 06b8 0065 53b9 0069 0200 57b2 000f 126b
    0x00006a0: 1212 b800 1812 19bd 001b 5912 1212 19bd
    0x00006b0: 001d 5912 1201 5359 121e 0153 5912 2101
    0x00006c0: 5353 5912 1e12 19bd 001d 5912 1212 6d12
    0x00006d0: 12b8 0018 5359 121e 0153 5912 2112 6d12
    0x00006e0: 12b8 0018 5353 5912 2112 19bd 001d 5912
    0x00006f0: 1201 5359 121e 0153 5912 2101 5353 0101
    0x0000700: b900 2705 00b2 000f 126f 1212 b800 1812
    0x0000710: 19bd 001b 5912 1212 19bd 001d 5912 1201
    0x0000720: 5359 121e 0153 5912 2101 5353 5912 1e12
    0x0000730: 19bd 001d 5912 1212 7112 12b8 0018 5359
    0x0000740: 121e 0153 5912 2112 7112 12b8 0018 5353
    0x0000750: 5912 2112 19bd 001d 5912 1201 5359 121e
    0x0000760: 0153 5912 2101 5353 0101 b900 2705 00b2
    0x0000770: 000f 1273 1212 b800 1812 19bd 001b 5912
    0x0000780: 1212 19bd 001d 5912 1201 5359 121e 0153
    0x0000790: 5912 2101 5353 5912 1e12 19bd 001d 5912
    0x00007a0: 1212 4412 12b8 0018 5359 121e 0153 5912
    0x00007b0: 2112 4412 12b8 0018 5353 5912 2112 19bd
    0x00007c0: 001d 5912 1201 5359 121e 0153 5912 2101
    0x00007d0: 5353 0101 b900 2705 00b2 000f 1275 1212
    0x00007e0: b800 1812 19bd 001b 5912 1212 19bd 001d
    0x00007f0: 5912 1201 5359 121e 0153 5912 2101 5353
    0x0000800: 5912 1e12 19bd 001d 5912 1212 7712 12b8
    0x0000810: 0018 5359 121e 0153 5912 2112 7712 12b8
    0x0000820: 0018 5353 5912 2112 19bd 001d 5912 1201
    0x0000830: 5359 121e 0153 5912 2101 5353 0101 b900
    0x0000840: 2705 00b2 000f 1279 1212 b800 1812 19bd
    0x0000850: 001b 5912 1212 19bd 001d 5912 1201 5359
    0x0000860: 121e 0153 5912 2101 5353 5912 1e12 19bd
    0x0000870: 001d 5912 1212 7b12 7cb8 0018 5359 121e
    0x0000880: 0153 5912 2112 7b12 7cb8 0018 5353 5912
    0x0000890: 2112 19bd 001d 5912 1201 5359 121e 0153
    0x00008a0: 5912 2101 5353 0101 b900 2705 00b2 000f
    0x00008b0: 127e 1212 b800 1812 19bd 001b 5912 1212
    0x00008c0: 19bd 001d 5912 1201 5359 121e 0153 5912
    0x00008d0: 2101 5353 5912 1e12 19bd 001d 5912 1212
    0x00008e0: 4112 12b8 0018 5359 121e 0153 5912 2112
    0x00008f0: 4112 12b8 0018 5353 5912 2112 19bd 001d
    0x0000900: 5912 1201 5359 121e 0153 5912 2101 5353
    0x0000910: 0101 b900 2705 00b2 000f 1280 1212 b800
    0x0000920: 1812 19bd 001b 5912 1212 19bd 001d 5912
    0x0000930: 1201 5359 121e 0153 5912 2101 5353 5912
    0x0000940: 1e12 19bd 001d 5912 1212 8212 12b8 0018
    0x0000950: 5359 121e 0153 5912 2112 8212 12b8 0018
    0x0000960: 5353 5912 2112 19bd 001d 5912 1201 5359
    0x0000970: 121e 0153 5912 2101 5353 0101 b900 2705
    0x0000980: 00b2 000f 1284 1212 b800 1812 19bd 001b
    0x0000990: 5912 1212 19bd 001d 5912 1201 5359 121e
    0x00009a0: 0153 5912 2101 5353 5912 1e12 19bd 001d
    0x00009b0: 5912 1212 8612 12b8 0018 5359 121e 0153
    0x00009c0: 5912 2112 8612 12b8 0018 5353 5912 2112
    0x00009d0: 19bd 001d 5912 1201 5359 121e 0153 5912
    0x00009e0: 2101 5353 0101 b900 2705 0001 1221 bd00
    0x00009f0: 5259 1212 1288 1212 b800 1812 21b9 0030
    0x0000a00: 0200 59c7 0008 5701 a700 06b8 0058 5359
    0x0000a10: 121e 1219 bd00 5a59 1212 1219 bd00 5a59
    0x0000a20: 1212 0153 5912 1e01 5359 1221 0153 b800
    0x0000a30: 6053 5912 1e12 19bd 005a 5912 1201 5359
    0x0000a40: 121e 0153 5912 2101 53b8 0060 5359 1221
    0x0000a50: 1219 bd00 5a59 1212 0153 5912 1e01 5359
    0x0000a60: 1221 0153 b800 6053 59c7 0008 5701 a700
    0x0000a70: 06b8 0065 b800 6059 c700 0857 01a7 0006
    0x0000a80: b800 6553 b900 6902 0057 b1            
  Stackmap Table:
    full_frame(@1564,{},{Null,Object[#138],Object[#138],Integer,Object[#44]})
    full_frame(@1567,{},{Null,Object[#138],Object[#138],Integer,Object[#82]})
    full_frame(@1666,{},{Null,Object[#138],Object[#138],Integer,Object[#140]})
    full_frame(@1669,{},{Null,Object[#138],Object[#138],Integer,Object[#82]})
    full_frame(@1681,{},{Null,Object[#138],Object[#138],Integer,Object[#90]})
    full_frame(@1684,{},{Null,Object[#138],Object[#138],Integer,Object[#82]})
    full_frame(@2571,{},{Null,Object[#138],Object[#138],Integer,Object[#44]})
    full_frame(@2574,{},{Null,Object[#138],Object[#138],Integer,Object[#82]})
    full_frame(@2673,{},{Null,Object[#138],Object[#138],Integer,Object[#140]})
    full_frame(@2676,{},{Null,Object[#138],Object[#138],Integer,Object[#82]})
    full_frame(@2688,{},{Null,Object[#138],Object[#138],Integer,Object[#90]})
    full_frame(@2691,{},{Null,Object[#138],Object[#138],Integer,Object[#82]})

java.lang.VerifyError: Bad type on operand stack
Exception Details:
  Location:
    Recipes.__script__()V @1669: invokestatic
  Reason:
    Type 'stanhebben/zenscript/value/IAny' (current frame, stack[4]) is not assignable to '[Lcrafttweaker/api/data/IData;'
  Current Frame:
    bci: @1669
    flags: { }
    locals: { }
    stack: { null, '[Lstanhebben/zenscript/value/IAny;', '[Lstanhebben/zenscript/value/IAny;', integer, 'stanhebben/zenscript/value/IAny' }
  Bytecode:
    0x0000000: b200 0f12 1112 12b8 0018 1219 bd00 1b59
    0x0000010: 1212 1219 bd00 1d59 1212 0153 5912 1e12
    0x0000020: 2012 19b8 0018 5359 1221 0153 5359 121e
    0x0000030: 1219 bd00 1d59 1212 1220 1219 b800 1853
    0x0000040: 5912 1e01 5359 1221 1220 1219 b800 1853
    0x0000050: 5359 1221 1219 bd00 1d59 1212 0153 5912
    0x0000060: 1e12 2012 19b8 0018 5359 1221 0153 5301
    0x0000070: 01b9 0027 0500 b200 0f12 2912 12b8 0018
    0x0000080: 122a b900 3002 0012 19bd 001b 5912 1212
    0x0000090: 19bd 001d 5912 1201 5359 121e 0153 5912
    0x00000a0: 2101 5353 5912 1e12 19bd 001d 5912 1201
    0x00000b0: 5359 121e 1220 1219 b800 1853 5912 2101
    0x00000c0: 5353 5912 2112 19bd 001d 5912 1201 5359
    0x00000d0: 121e 0153 5912 2101 5353 0101 b900 2705
    0x00000e0: 00b2 000f 1220 1219 b800 1812 19bd 001b
    0x00000f0: 5912 1212 19bd 001d 5912 1212 3212 33b8
    0x0000100: 0018 5359 121e 1232 1233 b800 1853 5912
    0x0000110: 2112 3212 33b8 0018 5353 5912 1e12 19bd
    0x0000120: 001d 5912 1212 3212 33b8 0018 5359 121e
    0x0000130: 1232 1233 b800 1853 5912 2112 3212 33b8
    0x0000140: 0018 5353 5912 2112 19bd 001d 5912 1212
    0x0000150: 3212 33b8 0018 5359 121e 1232 1233 b800
    0x0000160: 1853 5912 2112 3212 33b8 0018 5353 0101
    0x0000170: b900 2705 00b2 000f 1235 1212 b800 1812
    0x0000180: 19bd 001b 5912 1212 19bd 001d 5912 1212
    0x0000190: 3712 1eb8 0018 5359 121e 1237 121e b800
    0x00001a0: 1853 5912 2112 3712 1eb8 0018 5353 5912
    0x00001b0: 1e12 19bd 001d 5912 1212 3912 12b8 0018
    0x00001c0: 5359 121e 1239 1212 b800 1853 5912 2112
    0x00001d0: 3912 12b8 0018 5353 5912 2112 19bd 001d
    0x00001e0: 5912 1201 5359 121e 1239 1212 b800 1853
    0x00001f0: 5912 2101 5353 0101 b900 2705 00b2 000f
    0x0000200: 123b 123c b800 1812 19bd 001b 5912 1212
    0x0000210: 19bd 001d 5912 1212 3e12 12b8 0018 5359
    0x0000220: 121e 123e 1212 b800 1853 5912 2112 3e12
    0x0000230: 12b8 0018 5353 5912 1e12 19bd 001d 5912
    0x0000240: 1212 3e12 12b8 0018 5359 121e 123b 1233
    0x0000250: b800 1853 5912 2112 3e12 12b8 0018 5353
    0x0000260: 5912 2112 19bd 001d 5912 1212 3e12 12b8
    0x0000270: 0018 5359 121e 123e 1212 b800 1853 5912
    0x0000280: 2112 3e12 12b8 0018 5353 0101 b900 2705
    0x0000290: 00b2 000f 123b 123f b800 1812 19bd 001b
    0x00002a0: 5912 1212 19bd 001d 5912 1212 3e12 12b8
    0x00002b0: 0018 5359 121e 123e 1212 b800 1853 5912
    0x00002c0: 2112 3e12 12b8 0018 5353 5912 1e12 19bd
    0x00002d0: 001d 5912 1212 3e12 12b8 0018 5359 121e
    0x00002e0: 1241 1212 b800 1853 5912 2112 3e12 12b8
    0x00002f0: 0018 5353 5912 2112 19bd 001d 5912 1212
    0x0000300: 3e12 12b8 0018 5359 121e 123e 1212 b800
    0x0000310: 1853 5912 2112 3e12 12b8 0018 5353 0101
    0x0000320: b900 2705 00b2 000f 123b 1242 b800 1812
    0x0000330: 19bd 001b 5912 1212 19bd 001d 5912 1212
    0x0000340: 3e12 12b8 0018 5359 121e 123e 1212 b800
    0x0000350: 1853 5912 2112 3e12 12b8 0018 5353 5912
    0x0000360: 1e12 19bd 001d 5912 1212 3e12 12b8 0018
    0x0000370: 5359 121e 1244 1212 b800 1853 5912 2112
    0x0000380: 3e12 12b8 0018 5353 5912 2112 19bd 001d
    0x0000390: 5912 1212 3e12 12b8 0018 5359 121e 123e
    0x00003a0: 1212 b800 1853 5912 2112 3e12 12b8 0018
    0x00003b0: 5353 0101 b900 2705 00b2 000f 123b 1245
    0x00003c0: b800 1812 19bd 001b 5912 1212 19bd 001d
    0x00003d0: 5912 1212 3e12 12b8 0018 5359 121e 123e
    0x00003e0: 1212 b800 1853 5912 2112 3e12 12b8 0018
    0x00003f0: 5353 5912 1e12 19bd 001d 5912 1212 3e12
    0x0000400: 12b8 0018 5359 121e 123b 1246 b800 1853
    0x0000410: 5912 2112 3e12 12b8 0018 5353 5912 2112
    0x0000420: 19bd 001d 5912 1212 3e12 12b8 0018 5359
    0x0000430: 121e 123e 1212 b800 1853 5912 2112 3e12
    0x0000440: 12b8 0018 5353 0101 b900 2705 00b2 000f
    0x0000450: 1248 1212 b800 1812 19bd 001b 5912 1212
    0x0000460: 19bd 001d 5912 1212 4a12 12b8 0018 5359
    0x0000470: 121e 124a 1212 b800 1853 5912 2112 4a12
    0x0000480: 12b8 0018 5353 5912 1e12 19bd 001d 5912
    0x0000490: 1212 4a12 12b8 0018 5359 121e 124a 1212
    0x00004a0: b800 1853 5912 2112 4a12 12b8 0018 5353
    0x00004b0: 5912 2112 19bd 001d 5912 1212 4a12 12b8
    0x00004c0: 0018 5359 121e 124a 1212 b800 1853 5912
    0x00004d0: 2112 4a12 12b8 0018 5353 0101 b900 2705
    0x00004e0: 00b2 000f 123b 1212 b800 1812 19bd 001b
    0x00004f0: 5912 1212 19bd 001d 5912 1212 4c12 12b8
    0x0000500: 0018 5359 121e 124c 1212 b800 1853 5912
    0x0000510: 2112 4c12 12b8 0018 5353 5912 1e12 19bd
    0x0000520: 001d 5912 1212 4c12 12b8 0018 5359 121e
    0x0000530: 124c 1212 b800 1853 5912 2112 4c12 12b8
    0x0000540: 0018 5353 5912 2112 19bd 001d 5912 1212
    0x0000550: 4c12 12b8 0018 5359 121e 124c 1212 b800
    0x0000560: 1853 5912 2112 4c12 12b8 0018 5353 0101
    0x0000570: b900 2705 00b2 000f 124e 121e b800 1812
    0x0000580: 19bd 001b 5912 1212 19bd 001d 5912 1212
    0x0000590: 5012 2ab8 0018 5359 121e 1250 122a b800
    0x00005a0: 1853 5912 2112 5012 2ab8 0018 5353 5912
    0x00005b0: 1e12 19bd 001d 5912 1212 5012 2ab8 0018
    0x00005c0: 5359 121e 0153 5912 2112 5012 2ab8 0018
    0x00005d0: 5353 5912 2112 19bd 001d 5912 1212 5012
    0x00005e0: 2ab8 0018 5359 121e 1250 122a b800 1853
    0x00005f0: 5912 2112 5012 2ab8 0018 5353 0101 b900
    0x0000600: 2705 0001 1221 bd00 5259 1212 124a 1212
    0x0000610: b800 1859 c700 0857 01a7 0006 b800 5853
    0x0000620: 5912 1e12 19bd 005a 5912 1212 19bd 005a
    0x0000630: 5912 1201 5359 121e 0153 5912 2101 53b8
    0x0000640: 0060 5359 121e 1219 bd00 5a59 1212 0153
    0x0000650: 5912 1e01 5359 1221 0153 b800 6053 5912
    0x0000660: 2112 19bd 005a 5912 1201 5359 121e 0153
    0x0000670: 5912 2101 53b8 0060 5359 c700 0857 01a7
    0x0000680: 0006 b800 65b8 0060 59c7 0008 5701 a700
    0x0000690: 06b8 0065 53b9 0069 0200 57b2 000f 126b
    0x00006a0: 1212 b800 1812 19bd 001b 5912 1212 19bd
    0x00006b0: 001d 5912 1201 5359 121e 0153 5912 2101
    0x00006c0: 5353 5912 1e12 19bd 001d 5912 1212 6d12
    0x00006d0: 12b8 0018 5359 121e 0153 5912 2112 6d12
    0x00006e0: 12b8 0018 5353 5912 2112 19bd 001d 5912
    0x00006f0: 1201 5359 121e 0153 5912 2101 5353 0101
    0x0000700: b900 2705 00b2 000f 126f 1212 b800 1812
    0x0000710: 19bd 001b 5912 1212 19bd 001d 5912 1201
    0x0000720: 5359 121e 0153 5912 2101 5353 5912 1e12
    0x0000730: 19bd 001d 5912 1212 7112 12b8 0018 5359
    0x0000740: 121e 0153 5912 2112 7112 12b8 0018 5353
    0x0000750: 5912 2112 19bd 001d 5912 1201 5359 121e
    0x0000760: 0153 5912 2101 5353 0101 b900 2705 00b2
    0x0000770: 000f 1273 1212 b800 1812 19bd 001b 5912
    0x0000780: 1212 19bd 001d 5912 1201 5359 121e 0153
    0x0000790: 5912 2101 5353 5912 1e12 19bd 001d 5912
    0x00007a0: 1212 4412 12b8 0018 5359 121e 0153 5912
    0x00007b0: 2112 4412 12b8 0018 5353 5912 2112 19bd
    0x00007c0: 001d 5912 1201 5359 121e 0153 5912 2101
    0x00007d0: 5353 0101 b900 2705 00b2 000f 1275 1212
    0x00007e0: b800 1812 19bd 001b 5912 1212 19bd 001d
    0x00007f0: 5912 1201 5359 121e 0153 5912 2101 5353
    0x0000800: 5912 1e12 19bd 001d 5912 1212 7712 12b8
    0x0000810: 0018 5359 121e 0153 5912 2112 7712 12b8
    0x0000820: 0018 5353 5912 2112 19bd 001d 5912 1201
    0x0000830: 5359 121e 0153 5912 2101 5353 0101 b900
    0x0000840: 2705 00b2 000f 1279 1212 b800 1812 19bd
    0x0000850: 001b 5912 1212 19bd 001d 5912 1201 5359
    0x0000860: 121e 0153 5912 2101 5353 5912 1e12 19bd
    0x0000870: 001d 5912 1212 7b12 7cb8 0018 5359 121e
    0x0000880: 0153 5912 2112 7b12 7cb8 0018 5353 5912
    0x0000890: 2112 19bd 001d 5912 1201 5359 121e 0153
    0x00008a0: 5912 2101 5353 0101 b900 2705 00b2 000f
    0x00008b0: 127e 1212 b800 1812 19bd 001b 5912 1212
    0x00008c0: 19bd 001d 5912 1201 5359 121e 0153 5912
    0x00008d0: 2101 5353 5912 1e12 19bd 001d 5912 1212
    0x00008e0: 4112 12b8 0018 5359 121e 0153 5912 2112
    0x00008f0: 4112 12b8 0018 5353 5912 2112 19bd 001d
    0x0000900: 5912 1201 5359 121e 0153 5912 2101 5353
    0x0000910: 0101 b900 2705 00b2 000f 1280 1212 b800
    0x0000920: 1812 19bd 001b 5912 1212 19bd 001d 5912
    0x0000930: 1201 5359 121e 0153 5912 2101 5353 5912
    0x0000940: 1e12 19bd 001d 5912 1212 8212 12b8 0018
    0x0000950: 5359 121e 0153 5912 2112 8212 12b8 0018
    0x0000960: 5353 5912 2112 19bd 001d 5912 1201 5359
    0x0000970: 121e 0153 5912 2101 5353 0101 b900 2705
    0x0000980: 00b2 000f 1284 1212 b800 1812 19bd 001b
    0x0000990: 5912 1212 19bd 001d 5912 1201 5359 121e
    0x00009a0: 0153 5912 2101 5353 5912 1e12 19bd 001d
    0x00009b0: 5912 1212 8612 12b8 0018 5359 121e 0153
    0x00009c0: 5912 2112 8612 12b8 0018 5353 5912 2112
    0x00009d0: 19bd 001d 5912 1201 5359 121e 0153 5912
    0x00009e0: 2101 5353 0101 b900 2705 0001 1221 bd00
    0x00009f0: 5259 1212 1288 1212 b800 1812 21b9 0030
    0x0000a00: 0200 59c7 0008 5701 a700 06b8 0058 5359
    0x0000a10: 121e 1219 bd00 5a59 1212 1219 bd00 5a59
    0x0000a20: 1212 0153 5912 1e01 5359 1221 0153 b800
    0x0000a30: 6053 5912 1e12 19bd 005a 5912 1201 5359
    0x0000a40: 121e 0153 5912 2101 53b8 0060 5359 1221
    0x0000a50: 1219 bd00 5a59 1212 0153 5912 1e01 5359
    0x0000a60: 1221 0153 b800 6053 59c7 0008 5701 a700
    0x0000a70: 06b8 0065 b800 6059 c700 0857 01a7 0006
    0x0000a80: b800 6553 b900 6902 0057 b1            
  Stackmap Table:
    full_frame(@1564,{},{Null,Object[#138],Object[#138],Integer,Object[#44]})
    full_frame(@1567,{},{Null,Object[#138],Object[#138],Integer,Object[#82]})
    full_frame(@1666,{},{Null,Object[#138],Object[#138],Integer,Object[#140]})
    full_frame(@1669,{},{Null,Object[#138],Object[#138],Integer,Object[#82]})
    full_frame(@1681,{},{Null,Object[#138],Object[#138],Integer,Object[#90]})
    full_frame(@1684,{},{Null,Object[#138],Object[#138],Integer,Object[#82]})
    full_frame(@2571,{},{Null,Object[#138],Object[#138],Integer,Object[#44]})
    full_frame(@2574,{},{Null,Object[#138],Object[#138],Integer,Object[#82]})
    full_frame(@2673,{},{Null,Object[#138],Object[#138],Integer,Object[#140]})
    full_frame(@2676,{},{Null,Object[#138],Object[#138],Integer,Object[#82]})
    full_frame(@2688,{},{Null,Object[#138],Object[#138],Integer,Object[#90]})
    full_frame(@2691,{},{Null,Object[#138],Object[#138],Integer,Object[#82]})

	at __ZenMain__.run(Recipes)
	at crafttweaker.runtime.CrTTweaker.loadScript(CrTTweaker.java:240)
	at crafttweaker.runtime.CrTTweaker.loadScript(CrTTweaker.java:105)
	at crafttweaker.mc1120.events.CommonEventHandler.registerRecipes(CommonEventHandler.java:71)
	at net.minecraftforge.fml.common.eventhandler.ASMEventHandler_398_CommonEventHandler_registerRecipes_Register.invoke(.dynamic)
	at net.minecraftforge.fml.common.eventhandler.ASMEventHandler.invoke(ASMEventHandler.java:90)
	at net.minecraftforge.fml.common.eventhandler.EventBus$1.invoke(EventBus.java:144)
	at net.minecraftforge.fml.common.eventhandler.EventBus.post(EventBus.java:182)
	at net.minecraftforge.registries.GameData.fireRegistryEvents(GameData.java:857)
	at net.minecraftforge.common.crafting.CraftingHelper.loadRecipes(CraftingHelper.java:636)
	at net.minecraftforge.fml.common.Loader.initializeMods(Loader.java:747)
	at net.minecraftforge.fml.client.FMLClientHandler.finishMinecraftLoading(FMLClientHandler.java:336)
	at net.minecraft.client.Minecraft.func_71384_a(Minecraft.java:535)
	at net.minecraft.client.Minecraft.func_99999_d(Minecraft.java:378)
	at net.minecraft.client.main.Main.main(SourceFile:123)
	at sun.reflect.NativeMethodAccessorImpl.invoke0(Native Method)
	at sun.reflect.NativeMethodAccessorImpl.invoke(Unknown Source)
	at sun.reflect.DelegatingMethodAccessorImpl.invoke(Unknown Source)
	at java.lang.reflect.Method.invoke(Unknown Source)
	at net.minecraft.launchwrapper.Launch.launch(Launch.java:135)
	at net.minecraft.launchwrapper.Launch.main(Launch.java:28)
	at sun.reflect.NativeMethodAccessorImpl.invoke0(Native Method)
	at sun.reflect.NativeMethodAccessorImpl.invoke(Unknown Source)
	at sun.reflect.DelegatingMethodAccessorImpl.invoke(Unknown Source)
	at java.lang.reflect.Method.invoke(Unknown Source)
	at org.multimc.onesix.OneSixLauncher.launchWithMainClass(OneSixLauncher.java:210)
	at org.multimc.onesix.OneSixLauncher.launch(OneSixLauncher.java:245)
	at org.multimc.EntryPoint.listen(EntryPoint.java:143)
	at org.multimc.EntryPoint.main(EntryPoint.java:34)
[INITIALIZATION][CLIENT][INFO] Completed script loading in: 3047ms
[POSTINITIALIZATION][CLIENT][INFO] Removing recipes for various outputs
[AVAILABLE][CLIENT][INFO] Fixed the RecipeBook
